
======== GPU REPORT ========

==============NVSMI LOG==============

Timestamp                                 : Wed Mar  9 02:09:24 2022
Driver Version                            : 460.106.00
CUDA Version                              : 11.2

Attached GPUs                             : 1
GPU 00000000:44:00.0
    Accounting Mode                       : Enabled
    Accounting Mode Buffer Size           : 4000
    Accounted Processes                   : None

Wed Mar  9 02:09:24 2022       
+-----------------------------------------------------------------------------+
| NVIDIA-SMI 460.106.00   Driver Version: 460.106.00   CUDA Version: 11.2     |
|-------------------------------+----------------------+----------------------+
| GPU  Name        Persistence-M| Bus-Id        Disp.A | Volatile Uncorr. ECC |
| Fan  Temp  Perf  Pwr:Usage/Cap|         Memory-Usage | GPU-Util  Compute M. |
|                               |                      |               MIG M. |
|===============================+======================+======================|
|   0  Quadro RTX 8000     On   | 00000000:44:00.0 Off |                    0 |
| 33%   28C    P8    14W / 260W |      1MiB / 45553MiB |      0%      Default |
|                               |                      |                  N/A |
+-------------------------------+----------------------+----------------------+
                                                                               
+-----------------------------------------------------------------------------+
| Processes:                                                                  |
|  GPU   GI   CI        PID   Type   Process name                  GPU Memory |
|        ID   ID                                                   Usage      |
|=============================================================================|
|  No running processes found                                                 |
+-----------------------------------------------------------------------------+
